<?xml version="1.0" encoding="UTF-8"?>
<testng-results skipped="0" failed="0" ignored="0" total="1" passed="1">
  <reporter-output>
  </reporter-output>
  <suite name="Default suite" duration-ms="29" started-at="2022-02-19T18:00:10 IST" finished-at="2022-02-19T18:00:10 IST">
    <groups>
    </groups>
    <test name="Default test" duration-ms="29" started-at="2022-02-19T18:00:10 IST" finished-at="2022-02-19T18:00:10 IST">
      <class name="com.mashery.webapps.HelloWorld">
        <test-method status="PASS" signature="welcomeTest()[pri:0, instance:com.mashery.webapps.HelloWorld@4abdb505]" name="welcomeTest" duration-ms="6" started-at="2022-02-19T18:00:10 IST" finished-at="2022-02-19T18:00:10 IST">
          <reporter-output>
          </reporter-output>
        </test-method> <!-- welcomeTest -->
      </class> <!-- com.mashery.webapps.HelloWorld -->
    </test> <!-- Default test -->
  </suite> <!-- Default suite -->
</testng-results>
